[debug] [2025-07-16T06:21:51.012Z] ----------------------------------------------------------------------
[debug] [2025-07-16T06:21:51.019Z] Command:       C:\Program Files\nodejs\node.exe C:\Users\LENOVO L480\AppData\Roaming\npm\node_modules\firebase-tools\lib\bin\firebase.js emulators:start
[debug] [2025-07-16T06:21:51.019Z] CLI Version:   14.10.1
[debug] [2025-07-16T06:21:51.020Z] Platform:      win32
[debug] [2025-07-16T06:21:51.020Z] Node Version:  v22.12.0
[debug] [2025-07-16T06:21:51.021Z] Time:          Wed Jul 16 2025 11:51:51 GMT+0530 (India Standard Time)
[debug] [2025-07-16T06:21:51.021Z] ----------------------------------------------------------------------
[debug] 
[debug] [2025-07-16T06:21:51.603Z] > command requires scopes: ["email","openid","https://www.googleapis.com/auth/cloudplatformprojects.readonly","https://www.googleapis.com/auth/firebase","https://www.googleapis.com/auth/cloud-platform"]
[debug] [2025-07-16T06:21:51.604Z] > authorizing via signed-in user (m.shivakumar@astrolitetech.com)
[debug] [2025-07-16T06:21:52.272Z] openjdk version "21.0.7" 2025-04-15 LTS

[debug] [2025-07-16T06:21:52.273Z] OpenJDK Runtime Environment Temurin-21.0.7+6 (build 21.0.7+6-LTS)
OpenJDK 64-Bit Server VM Temurin-21.0.7+6 (build 21.0.7+6-LTS, mixed mode, sharing)

[debug] [2025-07-16T06:21:52.297Z] Parsed Java major version: 21
[info] i  emulators: Starting emulators: auth, firestore {"metadata":{"emulator":{"name":"hub"},"message":"Starting emulators: auth, firestore"}}
[debug] [2025-07-16T06:21:52.324Z] [logging] Logging Emulator only supports listening on one address (127.0.0.1). Not listening on ::1
[debug] [2025-07-16T06:21:52.324Z] [auth] Authentication Emulator only supports listening on one address (127.0.0.1). Not listening on ::1
[debug] [2025-07-16T06:21:52.324Z] [firestore] Firestore Emulator only supports listening on one address (127.0.0.1). Not listening on ::1
[debug] [2025-07-16T06:21:52.324Z] [firestore.websocket] websocket server for firestore only supports listening on one address (127.0.0.1). Not listening on ::1
[debug] [2025-07-16T06:21:52.325Z] assigned listening specs for emulators {"user":{"hub":[{"address":"127.0.0.1","family":"IPv4","port":4400},{"address":"::1","family":"IPv6","port":4400}],"ui":[{"address":"127.0.0.1","family":"IPv4","port":4000},{"address":"::1","family":"IPv6","port":4000}],"logging":[{"address":"127.0.0.1","family":"IPv4","port":4500}],"auth":[{"address":"127.0.0.1","family":"IPv4","port":9099}],"firestore":[{"address":"127.0.0.1","family":"IPv4","port":8080}],"firestore.websocket":[{"address":"127.0.0.1","family":"IPv4","port":9150}]},"metadata":{"message":"assigned listening specs for emulators"}}
[debug] [2025-07-16T06:21:52.335Z] [hub] writing locator at C:\WINDOWS\TEMP\hub-doodladashboard.json
[warn] !  firestore: Cloud Firestore Emulator does not support multiple databases yet. {"metadata":{"emulator":{"name":"firestore"},"message":"Cloud Firestore Emulator does not support multiple databases yet."}}
[warn] !  firestore: Did not find a Cloud Firestore rules file specified in a firebase.json config file. {"metadata":{"emulator":{"name":"firestore"},"message":"Did not find a Cloud Firestore rules file specified in a firebase.json config file."}}
[warn] !  firestore: The emulator will default to allowing all reads and writes. Learn more about this option: https://firebase.google.com/docs/emulator-suite/install_and_configure#security_rules_configuration. {"metadata":{"emulator":{"name":"firestore"},"message":"The emulator will default to allowing all reads and writes. Learn more about this option: https://firebase.google.com/docs/emulator-suite/install_and_configure#security_rules_configuration."}}
[debug] [2025-07-16T06:21:52.357Z] Ignoring unsupported arg: auto_download {"metadata":{"emulator":{"name":"firestore"},"message":"Ignoring unsupported arg: auto_download"}}
[debug] [2025-07-16T06:21:52.357Z] Ignoring unsupported arg: single_project_mode_error {"metadata":{"emulator":{"name":"firestore"},"message":"Ignoring unsupported arg: single_project_mode_error"}}
[debug] [2025-07-16T06:21:52.358Z] Starting Firestore Emulator with command {"binary":"java","args":["-Dgoogle.cloud_firestore.debug_log_level=FINE","-Duser.language=en","-jar","C:\\Users\\LENOVO L480\\.cache\\firebase\\emulators\\cloud-firestore-emulator-v1.19.8.jar","--host","127.0.0.1","--port",8080,"--websocket_port",9150,"--project_id","doodladashboard","--single_project_mode",true],"optionalArgs":["port","webchannel_port","host","rules","websocket_port","functions_emulator","seed_from_export","project_id","single_project_mode"],"joinArgs":false,"shell":false,"port":8080} {"metadata":{"emulator":{"name":"firestore"},"message":"Starting Firestore Emulator with command {\"binary\":\"java\",\"args\":[\"-Dgoogle.cloud_firestore.debug_log_level=FINE\",\"-Duser.language=en\",\"-jar\",\"C:\\\\Users\\\\LENOVO L480\\\\.cache\\\\firebase\\\\emulators\\\\cloud-firestore-emulator-v1.19.8.jar\",\"--host\",\"127.0.0.1\",\"--port\",8080,\"--websocket_port\",9150,\"--project_id\",\"doodladashboard\",\"--single_project_mode\",true],\"optionalArgs\":[\"port\",\"webchannel_port\",\"host\",\"rules\",\"websocket_port\",\"functions_emulator\",\"seed_from_export\",\"project_id\",\"single_project_mode\"],\"joinArgs\":false,\"shell\":false,\"port\":8080}"}}
[info] i  firestore: Firestore Emulator logging to firestore-debug.log {"metadata":{"emulator":{"name":"firestore"},"message":"Firestore Emulator logging to \u001b[1mfirestore-debug.log\u001b[22m"}}
[debug] [2025-07-16T06:21:55.934Z] Jul 16, 2025 11:51:55 AM com.google.cloud.datastore.emulator.firestore.websocket.WebSocketServer start
INFO: Started WebSocket server on ws://127.0.0.1:9150
 {"metadata":{"emulator":{"name":"firestore"},"message":"Jul 16, 2025 11:51:55 AM com.google.cloud.datastore.emulator.firestore.websocket.WebSocketServer start\r\nINFO: Started WebSocket server on ws://127.0.0.1:9150\r\n"}}
[debug] [2025-07-16T06:21:56.089Z] API endpoint: http:// {"metadata":{"emulator":{"name":"firestore"},"message":"API endpoint: http://"}}
[debug] [2025-07-16T06:21:56.090Z] 127.0.0.1:8080
If you are using a library that supports the FIRESTORE_EMULATOR_HOST environment variable, run:

   export FIRESTORE_EMULATOR_HOST=127.0.0.1:8080

If you are running a Firestore in Datastore Mode project, run:

   export DATASTORE_EMULATOR_HOST=127.0.0.1:8080

Note: Support for Datastore Mode is in preview. If you encounter any bugs please file at https://github.com/firebase/firebase-tools/issues.
Dev App Server is now running.

 {"metadata":{"emulator":{"name":"firestore"},"message":"127.0.0.1:8080\nIf you are using a library that supports the FIRESTORE_EMULATOR_HOST environment variable, run:\r\n\n   export FIRESTORE_EMULATOR_HOST=127.0.0.1:8080\n\nIf you are running a Firestore in Datastore Mode project, run:\r\n\n   export DATASTORE_EMULATOR_HOST=127.0.0.1:8080\n\nNote: Support for Datastore Mode is in preview. If you encounter any bugs please file at https://github.com/firebase/firebase-tools/issues.\r\nDev App Server is now running.\n\r\n"}}
[info] +  firestore: Firestore Emulator UI websocket is running on 9150. {"metadata":{"emulator":{"name":"firestore"},"message":"Firestore Emulator UI websocket is running on 9150."}}
[info] i  ui: downloading ui-v1.15.0.zip... {"metadata":{"emulator":{"name":"ui"},"message":"downloading ui-v1.15.0.zip..."}}
[debug] [2025-07-16T06:22:11.204Z] >>> [apiv2][query] GET https://storage.googleapis.com/firebase-preview-drop/emulator/ui-v1.15.0.zip 
[debug] [2025-07-16T06:22:11.422Z] <<< [apiv2][status] GET https://storage.googleapis.com/firebase-preview-drop/emulator/ui-v1.15.0.zip 200
[debug] [2025-07-16T06:22:11.422Z] <<< [apiv2][body] GET https://storage.googleapis.com/firebase-preview-drop/emulator/ui-v1.15.0.zip [stream]
[debug] [2025-07-16T06:22:12.380Z] Data is 3538469
[debug] [2025-07-16T06:22:12.380Z] [unzip] Entry: client/ (compressed_size=0 bytes, uncompressed_size=0 bytes)
[debug] [2025-07-16T06:22:12.380Z] [unzip] Processing entry: client\
[debug] [2025-07-16T06:22:12.380Z] [unzip] mkdir: C:\Users\LENOVO L480\.cache\firebase\emulators\ui-v1.15.0\client\
[debug] [2025-07-16T06:22:12.383Z] [unzip] Entry: client/favicon-16x16.png (compressed_size=293 bytes, uncompressed_size=293 bytes)
[debug] [2025-07-16T06:22:12.383Z] [unzip] Processing entry: client\favicon-16x16.png
[debug] [2025-07-16T06:22:12.383Z] [unzip] else mkdir: C:\Users\LENOVO L480\.cache\firebase\emulators\ui-v1.15.0\client
[debug] [2025-07-16T06:22:12.384Z] [unzip] Writing file: C:\Users\LENOVO L480\.cache\firebase\emulators\ui-v1.15.0\client\favicon-16x16.png
[debug] [2025-07-16T06:22:12.386Z] [unzip] Entry: client/safari-pinned-tab.svg (compressed_size=1433 bytes, uncompressed_size=2611 bytes)
[debug] [2025-07-16T06:22:12.387Z] [unzip] Processing entry: client\safari-pinned-tab.svg
[debug] [2025-07-16T06:22:12.387Z] [unzip] else mkdir: C:\Users\LENOVO L480\.cache\firebase\emulators\ui-v1.15.0\client
[debug] [2025-07-16T06:22:12.388Z] [unzip] deflating: C:\Users\LENOVO L480\.cache\firebase\emulators\ui-v1.15.0\client\safari-pinned-tab.svg
[debug] [2025-07-16T06:22:12.396Z] [unzip] Entry: client/favicon.ico (compressed_size=2933 bytes, uncompressed_size=13294 bytes)
[debug] [2025-07-16T06:22:12.397Z] [unzip] Processing entry: client\favicon.ico
[debug] [2025-07-16T06:22:12.397Z] [unzip] else mkdir: C:\Users\LENOVO L480\.cache\firebase\emulators\ui-v1.15.0\client
[debug] [2025-07-16T06:22:12.398Z] [unzip] deflating: C:\Users\LENOVO L480\.cache\firebase\emulators\ui-v1.15.0\client\favicon.ico
[debug] [2025-07-16T06:22:12.401Z] [unzip] Entry: client/index.html (compressed_size=1364 bytes, uncompressed_size=3071 bytes)
[debug] [2025-07-16T06:22:12.401Z] [unzip] Processing entry: client\index.html
[debug] [2025-07-16T06:22:12.401Z] [unzip] else mkdir: C:\Users\LENOVO L480\.cache\firebase\emulators\ui-v1.15.0\client
[debug] [2025-07-16T06:22:12.402Z] [unzip] deflating: C:\Users\LENOVO L480\.cache\firebase\emulators\ui-v1.15.0\client\index.html
[debug] [2025-07-16T06:22:12.405Z] [unzip] Entry: client/android-chrome-192x192.png (compressed_size=2684 bytes, uncompressed_size=2684 bytes)
[debug] [2025-07-16T06:22:12.406Z] [unzip] Processing entry: client\android-chrome-192x192.png
[debug] [2025-07-16T06:22:12.406Z] [unzip] else mkdir: C:\Users\LENOVO L480\.cache\firebase\emulators\ui-v1.15.0\client
[debug] [2025-07-16T06:22:12.406Z] [unzip] Writing file: C:\Users\LENOVO L480\.cache\firebase\emulators\ui-v1.15.0\client\android-chrome-192x192.png
[debug] [2025-07-16T06:22:12.409Z] [unzip] Entry: client/apple-touch-icon.png (compressed_size=2123 bytes, uncompressed_size=2152 bytes)
[debug] [2025-07-16T06:22:12.409Z] [unzip] Processing entry: client\apple-touch-icon.png
[debug] [2025-07-16T06:22:12.409Z] [unzip] else mkdir: C:\Users\LENOVO L480\.cache\firebase\emulators\ui-v1.15.0\client
[debug] [2025-07-16T06:22:12.410Z] [unzip] deflating: C:\Users\LENOVO L480\.cache\firebase\emulators\ui-v1.15.0\client\apple-touch-icon.png
[debug] [2025-07-16T06:22:12.413Z] [unzip] Entry: client/android-chrome-512x512.png (compressed_size=5369 bytes, uncompressed_size=5411 bytes)
[debug] [2025-07-16T06:22:12.413Z] [unzip] Processing entry: client\android-chrome-512x512.png
[debug] [2025-07-16T06:22:12.413Z] [unzip] else mkdir: C:\Users\LENOVO L480\.cache\firebase\emulators\ui-v1.15.0\client
[debug] [2025-07-16T06:22:12.414Z] [unzip] deflating: C:\Users\LENOVO L480\.cache\firebase\emulators\ui-v1.15.0\client\android-chrome-512x512.png
[debug] [2025-07-16T06:22:12.417Z] [unzip] Entry: client/manifest.json (compressed_size=245 bytes, uncompressed_size=551 bytes)
[debug] [2025-07-16T06:22:12.417Z] [unzip] Processing entry: client\manifest.json
[debug] [2025-07-16T06:22:12.417Z] [unzip] else mkdir: C:\Users\LENOVO L480\.cache\firebase\emulators\ui-v1.15.0\client
[debug] [2025-07-16T06:22:12.418Z] [unzip] deflating: C:\Users\LENOVO L480\.cache\firebase\emulators\ui-v1.15.0\client\manifest.json
[debug] [2025-07-16T06:22:12.422Z] [unzip] Entry: client/robots.txt (compressed_size=26 bytes, uncompressed_size=26 bytes)
[debug] [2025-07-16T06:22:12.422Z] [unzip] Processing entry: client\robots.txt
[debug] [2025-07-16T06:22:12.422Z] [unzip] else mkdir: C:\Users\LENOVO L480\.cache\firebase\emulators\ui-v1.15.0\client
[debug] [2025-07-16T06:22:12.423Z] [unzip] Writing file: C:\Users\LENOVO L480\.cache\firebase\emulators\ui-v1.15.0\client\robots.txt
[debug] [2025-07-16T06:22:12.425Z] [unzip] Entry: client/mstile-150x150.png (compressed_size=2034 bytes, uncompressed_size=2034 bytes)
[debug] [2025-07-16T06:22:12.425Z] [unzip] Processing entry: client\mstile-150x150.png
[debug] [2025-07-16T06:22:12.425Z] [unzip] else mkdir: C:\Users\LENOVO L480\.cache\firebase\emulators\ui-v1.15.0\client
[debug] [2025-07-16T06:22:12.426Z] [unzip] Writing file: C:\Users\LENOVO L480\.cache\firebase\emulators\ui-v1.15.0\client\mstile-150x150.png
[debug] [2025-07-16T06:22:12.428Z] [unzip] Entry: client/assets/ (compressed_size=0 bytes, uncompressed_size=0 bytes)
[debug] [2025-07-16T06:22:12.428Z] [unzip] Processing entry: client\assets\
[debug] [2025-07-16T06:22:12.428Z] [unzip] mkdir: C:\Users\LENOVO L480\.cache\firebase\emulators\ui-v1.15.0\client\assets\
[debug] [2025-07-16T06:22:12.430Z] [unzip] Entry: client/assets/index-BX-A56oj.js (compressed_size=582089 bytes, uncompressed_size=2092775 bytes)
[debug] [2025-07-16T06:22:12.430Z] [unzip] Processing entry: client\assets\index-BX-A56oj.js
[debug] [2025-07-16T06:22:12.430Z] [unzip] else mkdir: C:\Users\LENOVO L480\.cache\firebase\emulators\ui-v1.15.0\client\assets
[debug] [2025-07-16T06:22:12.431Z] [unzip] deflating: C:\Users\LENOVO L480\.cache\firebase\emulators\ui-v1.15.0\client\assets\index-BX-A56oj.js
[debug] [2025-07-16T06:22:12.463Z] [unzip] Entry: client/assets/index-CjB9C900.css (compressed_size=35979 bytes, uncompressed_size=298654 bytes)
[debug] [2025-07-16T06:22:12.464Z] [unzip] Processing entry: client\assets\index-CjB9C900.css
[debug] [2025-07-16T06:22:12.464Z] [unzip] else mkdir: C:\Users\LENOVO L480\.cache\firebase\emulators\ui-v1.15.0\client\assets
[debug] [2025-07-16T06:22:12.465Z] [unzip] deflating: C:\Users\LENOVO L480\.cache\firebase\emulators\ui-v1.15.0\client\assets\index-CjB9C900.css
[debug] [2025-07-16T06:22:12.471Z] [unzip] Entry: client/assets/index-BX-A56oj.js.map (compressed_size=2362482 bytes, uncompressed_size=10036679 bytes)
[debug] [2025-07-16T06:22:12.472Z] [unzip] Processing entry: client\assets\index-BX-A56oj.js.map
[debug] [2025-07-16T06:22:12.472Z] [unzip] else mkdir: C:\Users\LENOVO L480\.cache\firebase\emulators\ui-v1.15.0\client\assets
[debug] [2025-07-16T06:22:12.473Z] [unzip] deflating: C:\Users\LENOVO L480\.cache\firebase\emulators\ui-v1.15.0\client\assets\index-BX-A56oj.js.map
[debug] [2025-07-16T06:22:12.592Z] [unzip] Entry: client/assets/extensions/ (compressed_size=0 bytes, uncompressed_size=0 bytes)
[debug] [2025-07-16T06:22:12.592Z] [unzip] Processing entry: client\assets\extensions\
[debug] [2025-07-16T06:22:12.592Z] [unzip] mkdir: C:\Users\LENOVO L480\.cache\firebase\emulators\ui-v1.15.0\client\assets\extensions\
[debug] [2025-07-16T06:22:12.593Z] [unzip] Entry: client/assets/extensions/default-extension.png (compressed_size=1646 bytes, uncompressed_size=1657 bytes)
[debug] [2025-07-16T06:22:12.594Z] [unzip] Processing entry: client\assets\extensions\default-extension.png
[debug] [2025-07-16T06:22:12.594Z] [unzip] else mkdir: C:\Users\LENOVO L480\.cache\firebase\emulators\ui-v1.15.0\client\assets\extensions
[debug] [2025-07-16T06:22:12.595Z] [unzip] deflating: C:\Users\LENOVO L480\.cache\firebase\emulators\ui-v1.15.0\client\assets\extensions\default-extension.png
[debug] [2025-07-16T06:22:12.598Z] [unzip] Entry: client/assets/img/ (compressed_size=0 bytes, uncompressed_size=0 bytes)
[debug] [2025-07-16T06:22:12.598Z] [unzip] Processing entry: client\assets\img\
[debug] [2025-07-16T06:22:12.598Z] [unzip] mkdir: C:\Users\LENOVO L480\.cache\firebase\emulators\ui-v1.15.0\client\assets\img\
[debug] [2025-07-16T06:22:12.600Z] [unzip] Entry: client/assets/img/database.png (compressed_size=29449 bytes, uncompressed_size=29988 bytes)
[debug] [2025-07-16T06:22:12.600Z] [unzip] Processing entry: client\assets\img\database.png
[debug] [2025-07-16T06:22:12.600Z] [unzip] else mkdir: C:\Users\LENOVO L480\.cache\firebase\emulators\ui-v1.15.0\client\assets\img
[debug] [2025-07-16T06:22:12.601Z] [unzip] deflating: C:\Users\LENOVO L480\.cache\firebase\emulators\ui-v1.15.0\client\assets\img\database.png
[debug] [2025-07-16T06:22:12.604Z] [unzip] Entry: client/assets/provider-icons/ (compressed_size=0 bytes, uncompressed_size=0 bytes)
[debug] [2025-07-16T06:22:12.604Z] [unzip] Processing entry: client\assets\provider-icons\
[debug] [2025-07-16T06:22:12.604Z] [unzip] mkdir: C:\Users\LENOVO L480\.cache\firebase\emulators\ui-v1.15.0\client\assets\provider-icons\
[debug] [2025-07-16T06:22:12.606Z] [unzip] Entry: client/assets/provider-icons/auth_service_saml.svg (compressed_size=575 bytes, uncompressed_size=1226 bytes)
[debug] [2025-07-16T06:22:12.606Z] [unzip] Processing entry: client\assets\provider-icons\auth_service_saml.svg
[debug] [2025-07-16T06:22:12.606Z] [unzip] else mkdir: C:\Users\LENOVO L480\.cache\firebase\emulators\ui-v1.15.0\client\assets\provider-icons
[debug] [2025-07-16T06:22:12.607Z] [unzip] deflating: C:\Users\LENOVO L480\.cache\firebase\emulators\ui-v1.15.0\client\assets\provider-icons\auth_service_saml.svg
[debug] [2025-07-16T06:22:12.610Z] [unzip] Entry: client/assets/provider-icons/auth_service_phone.svg (compressed_size=261 bytes, uncompressed_size=414 bytes)
[debug] [2025-07-16T06:22:12.610Z] [unzip] Processing entry: client\assets\provider-icons\auth_service_phone.svg
[debug] [2025-07-16T06:22:12.610Z] [unzip] else mkdir: C:\Users\LENOVO L480\.cache\firebase\emulators\ui-v1.15.0\client\assets\provider-icons
[debug] [2025-07-16T06:22:12.611Z] [unzip] deflating: C:\Users\LENOVO L480\.cache\firebase\emulators\ui-v1.15.0\client\assets\provider-icons\auth_service_phone.svg
[debug] [2025-07-16T06:22:12.614Z] [unzip] Entry: client/assets/provider-icons/auth_service_facebook.svg (compressed_size=289 bytes, uncompressed_size=457 bytes)
[debug] [2025-07-16T06:22:12.614Z] [unzip] Processing entry: client\assets\provider-icons\auth_service_facebook.svg
[debug] [2025-07-16T06:22:12.614Z] [unzip] else mkdir: C:\Users\LENOVO L480\.cache\firebase\emulators\ui-v1.15.0\client\assets\provider-icons
[debug] [2025-07-16T06:22:12.615Z] [unzip] deflating: C:\Users\LENOVO L480\.cache\firebase\emulators\ui-v1.15.0\client\assets\provider-icons\auth_service_facebook.svg
[debug] [2025-07-16T06:22:12.618Z] [unzip] Entry: client/assets/provider-icons/auth_service_game_center.svg (compressed_size=991 bytes, uncompressed_size=3921 bytes)
[debug] [2025-07-16T06:22:12.618Z] [unzip] Processing entry: client\assets\provider-icons\auth_service_game_center.svg
[debug] [2025-07-16T06:22:12.618Z] [unzip] else mkdir: C:\Users\LENOVO L480\.cache\firebase\emulators\ui-v1.15.0\client\assets\provider-icons
[debug] [2025-07-16T06:22:12.620Z] [unzip] deflating: C:\Users\LENOVO L480\.cache\firebase\emulators\ui-v1.15.0\client\assets\provider-icons\auth_service_game_center.svg
[debug] [2025-07-16T06:22:12.623Z] [unzip] Entry: client/assets/provider-icons/auth_service_apple.svg (compressed_size=230 bytes, uncompressed_size=334 bytes)
[debug] [2025-07-16T06:22:12.623Z] [unzip] Processing entry: client\assets\provider-icons\auth_service_apple.svg
[debug] [2025-07-16T06:22:12.623Z] [unzip] else mkdir: C:\Users\LENOVO L480\.cache\firebase\emulators\ui-v1.15.0\client\assets\provider-icons
[debug] [2025-07-16T06:22:12.624Z] [unzip] deflating: C:\Users\LENOVO L480\.cache\firebase\emulators\ui-v1.15.0\client\assets\provider-icons\auth_service_apple.svg
[debug] [2025-07-16T06:22:12.627Z] [unzip] Entry: client/assets/provider-icons/auth_service_github.svg (compressed_size=466 bytes, uncompressed_size=838 bytes)
[debug] [2025-07-16T06:22:12.628Z] [unzip] Processing entry: client\assets\provider-icons\auth_service_github.svg
[debug] [2025-07-16T06:22:12.628Z] [unzip] else mkdir: C:\Users\LENOVO L480\.cache\firebase\emulators\ui-v1.15.0\client\assets\provider-icons
[debug] [2025-07-16T06:22:12.629Z] [unzip] deflating: C:\Users\LENOVO L480\.cache\firebase\emulators\ui-v1.15.0\client\assets\provider-icons\auth_service_github.svg
[debug] [2025-07-16T06:22:12.632Z] [unzip] Entry: client/assets/provider-icons/auth_service_mslive.svg (compressed_size=203 bytes, uncompressed_size=378 bytes)
[debug] [2025-07-16T06:22:12.632Z] [unzip] Processing entry: client\assets\provider-icons\auth_service_mslive.svg
[debug] [2025-07-16T06:22:12.632Z] [unzip] else mkdir: C:\Users\LENOVO L480\.cache\firebase\emulators\ui-v1.15.0\client\assets\provider-icons
[debug] [2025-07-16T06:22:12.633Z] [unzip] deflating: C:\Users\LENOVO L480\.cache\firebase\emulators\ui-v1.15.0\client\assets\provider-icons\auth_service_mslive.svg
[debug] [2025-07-16T06:22:12.636Z] [unzip] Entry: client/assets/provider-icons/auth_service_yahoo.svg (compressed_size=577 bytes, uncompressed_size=1182 bytes)
[debug] [2025-07-16T06:22:12.636Z] [unzip] Processing entry: client\assets\provider-icons\auth_service_yahoo.svg
[debug] [2025-07-16T06:22:12.636Z] [unzip] else mkdir: C:\Users\LENOVO L480\.cache\firebase\emulators\ui-v1.15.0\client\assets\provider-icons
[debug] [2025-07-16T06:22:12.637Z] [unzip] deflating: C:\Users\LENOVO L480\.cache\firebase\emulators\ui-v1.15.0\client\assets\provider-icons\auth_service_yahoo.svg
[debug] [2025-07-16T06:22:12.640Z] [unzip] Entry: client/assets/provider-icons/auth_service_twitter.svg (compressed_size=444 bytes, uncompressed_size=751 bytes)
[debug] [2025-07-16T06:22:12.640Z] [unzip] Processing entry: client\assets\provider-icons\auth_service_twitter.svg
[debug] [2025-07-16T06:22:12.640Z] [unzip] else mkdir: C:\Users\LENOVO L480\.cache\firebase\emulators\ui-v1.15.0\client\assets\provider-icons
[debug] [2025-07-16T06:22:12.641Z] [unzip] deflating: C:\Users\LENOVO L480\.cache\firebase\emulators\ui-v1.15.0\client\assets\provider-icons\auth_service_twitter.svg
[debug] [2025-07-16T06:22:12.644Z] [unzip] Entry: client/assets/provider-icons/auth_service_play_games.svg (compressed_size=565 bytes, uncompressed_size=1173 bytes)
[debug] [2025-07-16T06:22:12.644Z] [unzip] Processing entry: client\assets\provider-icons\auth_service_play_games.svg
[debug] [2025-07-16T06:22:12.645Z] [unzip] else mkdir: C:\Users\LENOVO L480\.cache\firebase\emulators\ui-v1.15.0\client\assets\provider-icons
[debug] [2025-07-16T06:22:12.646Z] [unzip] deflating: C:\Users\LENOVO L480\.cache\firebase\emulators\ui-v1.15.0\client\assets\provider-icons\auth_service_play_games.svg
[debug] [2025-07-16T06:22:12.648Z] [unzip] Entry: client/assets/provider-icons/auth_service_email.svg (compressed_size=228 bytes, uncompressed_size=326 bytes)
[debug] [2025-07-16T06:22:12.648Z] [unzip] Processing entry: client\assets\provider-icons\auth_service_email.svg
[debug] [2025-07-16T06:22:12.648Z] [unzip] else mkdir: C:\Users\LENOVO L480\.cache\firebase\emulators\ui-v1.15.0\client\assets\provider-icons
[debug] [2025-07-16T06:22:12.649Z] [unzip] deflating: C:\Users\LENOVO L480\.cache\firebase\emulators\ui-v1.15.0\client\assets\provider-icons\auth_service_email.svg
[debug] [2025-07-16T06:22:12.652Z] [unzip] Entry: client/assets/provider-icons/auth_service_google.svg (compressed_size=409 bytes, uncompressed_size=720 bytes)
[debug] [2025-07-16T06:22:12.653Z] [unzip] Processing entry: client\assets\provider-icons\auth_service_google.svg
[debug] [2025-07-16T06:22:12.653Z] [unzip] else mkdir: C:\Users\LENOVO L480\.cache\firebase\emulators\ui-v1.15.0\client\assets\provider-icons
[debug] [2025-07-16T06:22:12.654Z] [unzip] deflating: C:\Users\LENOVO L480\.cache\firebase\emulators\ui-v1.15.0\client\assets\provider-icons\auth_service_google.svg
[debug] [2025-07-16T06:22:12.657Z] [unzip] Entry: client/assets/provider-icons/auth_service_oidc.svg (compressed_size=414 bytes, uncompressed_size=858 bytes)
[debug] [2025-07-16T06:22:12.657Z] [unzip] Processing entry: client\assets\provider-icons\auth_service_oidc.svg
[debug] [2025-07-16T06:22:12.657Z] [unzip] else mkdir: C:\Users\LENOVO L480\.cache\firebase\emulators\ui-v1.15.0\client\assets\provider-icons
[debug] [2025-07-16T06:22:12.658Z] [unzip] deflating: C:\Users\LENOVO L480\.cache\firebase\emulators\ui-v1.15.0\client\assets\provider-icons\auth_service_oidc.svg
[debug] [2025-07-16T06:22:12.661Z] [unzip] Entry: client/browserconfig.xml (compressed_size=491 bytes, uncompressed_size=822 bytes)
[debug] [2025-07-16T06:22:12.661Z] [unzip] Processing entry: client\browserconfig.xml
[debug] [2025-07-16T06:22:12.662Z] [unzip] else mkdir: C:\Users\LENOVO L480\.cache\firebase\emulators\ui-v1.15.0\client
[debug] [2025-07-16T06:22:12.662Z] [unzip] deflating: C:\Users\LENOVO L480\.cache\firebase\emulators\ui-v1.15.0\client\browserconfig.xml
[debug] [2025-07-16T06:22:12.665Z] [unzip] Entry: client/favicon-32x32.png (compressed_size=475 bytes, uncompressed_size=475 bytes)
[debug] [2025-07-16T06:22:12.665Z] [unzip] Processing entry: client\favicon-32x32.png
[debug] [2025-07-16T06:22:12.665Z] [unzip] else mkdir: C:\Users\LENOVO L480\.cache\firebase\emulators\ui-v1.15.0\client
[debug] [2025-07-16T06:22:12.666Z] [unzip] Writing file: C:\Users\LENOVO L480\.cache\firebase\emulators\ui-v1.15.0\client\favicon-32x32.png
[debug] [2025-07-16T06:22:12.668Z] [unzip] Entry: server/ (compressed_size=0 bytes, uncompressed_size=0 bytes)
[debug] [2025-07-16T06:22:12.669Z] [unzip] Processing entry: server\
[debug] [2025-07-16T06:22:12.669Z] [unzip] mkdir: C:\Users\LENOVO L480\.cache\firebase\emulators\ui-v1.15.0\server\
[debug] [2025-07-16T06:22:12.670Z] [unzip] Entry: server/server.mjs.map (compressed_size=217845 bytes, uncompressed_size=944978 bytes)
[debug] [2025-07-16T06:22:12.670Z] [unzip] Processing entry: server\server.mjs.map
[debug] [2025-07-16T06:22:12.670Z] [unzip] else mkdir: C:\Users\LENOVO L480\.cache\firebase\emulators\ui-v1.15.0\server
[debug] [2025-07-16T06:22:12.671Z] [unzip] deflating: C:\Users\LENOVO L480\.cache\firebase\emulators\ui-v1.15.0\server\server.mjs.map
[debug] [2025-07-16T06:22:12.683Z] [unzip] Entry: server/server.mjs (compressed_size=276407 bytes, uncompressed_size=933701 bytes)
[debug] [2025-07-16T06:22:12.683Z] [unzip] Processing entry: server\server.mjs
[debug] [2025-07-16T06:22:12.683Z] [unzip] else mkdir: C:\Users\LENOVO L480\.cache\firebase\emulators\ui-v1.15.0\server
[debug] [2025-07-16T06:22:12.684Z] [unzip] deflating: C:\Users\LENOVO L480\.cache\firebase\emulators\ui-v1.15.0\server\server.mjs
[debug] [2025-07-16T06:22:12.708Z] Could not find VSCode notification endpoint: FetchError: request to http://localhost:40001/vscode/notify failed, reason: connect ECONNREFUSED ::1:40001. If you are not running the Firebase Data Connect VSCode extension, this is expected and not an issue.
[info] 
┌─────────────────────────────────────────────────────────────┐
│ ✔  All emulators ready! It is now safe to connect your app. │
│ i  View Emulator UI at http://127.0.0.1:4000/               │
└─────────────────────────────────────────────────────────────┘

┌────────────────┬────────────────┬─────────────────────────────────┐
│ Emulator       │ Host:Port      │ View in Emulator UI             │
├────────────────┼────────────────┼─────────────────────────────────┤
│ Authentication │ 127.0.0.1:9099 │ http://127.0.0.1:4000/auth      │
├────────────────┼────────────────┼─────────────────────────────────┤
│ Firestore      │ 127.0.0.1:8080 │ http://127.0.0.1:4000/firestore │
└────────────────┴────────────────┴─────────────────────────────────┘
  Emulator Hub host: 127.0.0.1 port: 4400
  Other reserved ports: 4500, 9150

Issues? Report them at https://github.com/firebase/firebase-tools/issues and attach the *-debug.log files.
 
[debug] [2025-07-16T06:26:49.844Z] Jul 16, 2025 11:56:49 AM com.google.cloud.datastore.emulator.firestore.websocket.WebSocketChannelHandler initChannel
INFO: Connected to new websocket client
 {"metadata":{"emulator":{"name":"firestore"},"message":"Jul 16, 2025 11:56:49 AM com.google.cloud.datastore.emulator.firestore.websocket.WebSocketChannelHandler initChannel\r\nINFO: Connected to new websocket client\r\n"}}
[info] i  To verify the phone number +916304686708, use the code 894168. {"metadata":{"emulator":{"name":"auth"},"message":"To verify the phone number +916304686708, use the code 894168."}}
[debug] [2025-07-16T06:30:02.051Z] Jul 16, 2025 12:00:02 PM io.gapi.emulators.netty.HttpVersionRoutingHandler channelRead
INFO: Detected non-HTTP/2 connection.
 {"metadata":{"emulator":{"name":"firestore"},"message":"Jul 16, 2025 12:00:02 PM io.gapi.emulators.netty.HttpVersionRoutingHandler channelRead\r\nINFO: Detected non-HTTP/2 connection.\r\n"}}
[debug] [2025-07-16T06:30:05.256Z] Jul 16, 2025 12:00:05 PM io.gapi.emulators.netty.HttpVersionRoutingHandler channelRead
INFO: Detected non-HTTP/2 connection.
 {"metadata":{"emulator":{"name":"firestore"},"message":"Jul 16, 2025 12:00:05 PM io.gapi.emulators.netty.HttpVersionRoutingHandler channelRead\r\nINFO: Detected non-HTTP/2 connection.\r\n"}}
[debug] [2025-07-16T06:30:06.699Z] Jul 16, 2025 12:00:06 PM io.gapi.emulators.netty.HttpVersionRoutingHandler channelRead
INFO: Detected non-HTTP/2 connection.
 {"metadata":{"emulator":{"name":"firestore"},"message":"Jul 16, 2025 12:00:06 PM io.gapi.emulators.netty.HttpVersionRoutingHandler channelRead\r\nINFO: Detected non-HTTP/2 connection.\r\n"}}
[info] i  To verify the phone number +916304686708, use the code 880965. {"metadata":{"emulator":{"name":"auth"},"message":"To verify the phone number +916304686708, use the code 880965."}}
[debug] [2025-07-16T06:30:54.907Z] Jul 16, 2025 12:00:54 PM io.gapi.emulators.netty.HttpVersionRoutingHandler channelRead
INFO: Detected non-HTTP/2 connection.
 {"metadata":{"emulator":{"name":"firestore"},"message":"Jul 16, 2025 12:00:54 PM io.gapi.emulators.netty.HttpVersionRoutingHandler channelRead\r\nINFO: Detected non-HTTP/2 connection.\r\n"}}
[debug] [2025-07-16T06:30:55.156Z] Jul 16, 2025 12:00:55 PM io.gapi.emulators.netty.HttpVersionRoutingHandler channelRead
INFO: Detected non-HTTP/2 connection.
 {"metadata":{"emulator":{"name":"firestore"},"message":"Jul 16, 2025 12:00:55 PM io.gapi.emulators.netty.HttpVersionRoutingHandler channelRead\r\nINFO: Detected non-HTTP/2 connection.\r\n"}}
[debug] [2025-07-16T06:32:34.807Z] Jul 16, 2025 12:02:34 PM io.gapi.emulators.netty.HttpVersionRoutingHandler channelRead
INFO: Detected non-HTTP/2 connection.
 {"metadata":{"emulator":{"name":"firestore"},"message":"Jul 16, 2025 12:02:34 PM io.gapi.emulators.netty.HttpVersionRoutingHandler channelRead\r\nINFO: Detected non-HTTP/2 connection.\r\n"}}
[debug] [2025-07-16T06:32:34.810Z] Jul 16, 2025 12:02:34 PM io.gapi.emulators.netty.HttpVersionRoutingHandler channelRead
INFO: Detected non-HTTP/2 connection.
 {"metadata":{"emulator":{"name":"firestore"},"message":"Jul 16, 2025 12:02:34 PM io.gapi.emulators.netty.HttpVersionRoutingHandler channelRead\r\nINFO: Detected non-HTTP/2 connection.\r\n"}}
[debug] [2025-07-16T06:32:37.138Z] Jul 16, 2025 12:02:37 PM io.gapi.emulators.netty.HttpVersionRoutingHandler channelRead
INFO: Detected non-HTTP/2 connection.
 {"metadata":{"emulator":{"name":"firestore"},"message":"Jul 16, 2025 12:02:37 PM io.gapi.emulators.netty.HttpVersionRoutingHandler channelRead\r\nINFO: Detected non-HTTP/2 connection.\r\n"}}
[info] i  To verify the phone number +916304686708, use the code 517470. {"metadata":{"emulator":{"name":"auth"},"message":"To verify the phone number +916304686708, use the code 517470."}}
[debug] [2025-07-16T06:33:09.414Z] Jul 16, 2025 12:03:09 PM io.gapi.emulators.netty.HttpVersionRoutingHandler channelRead
INFO: Detected non-HTTP/2 connection.
 {"metadata":{"emulator":{"name":"firestore"},"message":"Jul 16, 2025 12:03:09 PM io.gapi.emulators.netty.HttpVersionRoutingHandler channelRead\r\nINFO: Detected non-HTTP/2 connection.\r\n"}}
[debug] [2025-07-16T06:33:09.664Z] Jul 16, 2025 12:03:09 PM io.gapi.emulators.netty.HttpVersionRoutingHandler channelRead
INFO: Detected non-HTTP/2 connection.
 {"metadata":{"emulator":{"name":"firestore"},"message":"Jul 16, 2025 12:03:09 PM io.gapi.emulators.netty.HttpVersionRoutingHandler channelRead\r\nINFO: Detected non-HTTP/2 connection.\r\n"}}
[debug] [2025-07-16T06:33:16.260Z] Jul 16, 2025 12:03:16 PM io.gapi.emulators.netty.HttpVersionRoutingHandler channelRead
INFO: Detected non-HTTP/2 connection.
 {"metadata":{"emulator":{"name":"firestore"},"message":"Jul 16, 2025 12:03:16 PM io.gapi.emulators.netty.HttpVersionRoutingHandler channelRead\r\nINFO: Detected non-HTTP/2 connection.\r\n"}}
[info] i  To verify the phone number +916304686708, use the code 929079. {"metadata":{"emulator":{"name":"auth"},"message":"To verify the phone number +916304686708, use the code 929079."}}
[debug] [2025-07-16T06:33:53.727Z] Jul 16, 2025 12:03:53 PM io.gapi.emulators.netty.HttpVersionRoutingHandler channelRead
INFO: Detected non-HTTP/2 connection.
 {"metadata":{"emulator":{"name":"firestore"},"message":"Jul 16, 2025 12:03:53 PM io.gapi.emulators.netty.HttpVersionRoutingHandler channelRead\r\nINFO: Detected non-HTTP/2 connection.\r\n"}}
[debug] [2025-07-16T06:33:53.975Z] Jul 16, 2025 12:03:53 PM io.gapi.emulators.netty.HttpVersionRoutingHandler channelRead
INFO: Detected non-HTTP/2 connection.
 {"metadata":{"emulator":{"name":"firestore"},"message":"Jul 16, 2025 12:03:53 PM io.gapi.emulators.netty.HttpVersionRoutingHandler channelRead\r\nINFO: Detected non-HTTP/2 connection.\r\n"}}
[debug] [2025-07-16T06:33:59.022Z] Jul 16, 2025 12:03:59 PM io.gapi.emulators.netty.HttpVersionRoutingHandler channelRead
INFO: Detected non-HTTP/2 connection.
 {"metadata":{"emulator":{"name":"firestore"},"message":"Jul 16, 2025 12:03:59 PM io.gapi.emulators.netty.HttpVersionRoutingHandler channelRead\r\nINFO: Detected non-HTTP/2 connection.\r\n"}}
[debug] [2025-07-16T06:34:59.356Z] Jul 16, 2025 12:04:59 PM io.gapi.emulators.netty.HttpVersionRoutingHandler channelRead
INFO: Detected non-HTTP/2 connection.
 {"metadata":{"emulator":{"name":"firestore"},"message":"Jul 16, 2025 12:04:59 PM io.gapi.emulators.netty.HttpVersionRoutingHandler channelRead\r\nINFO: Detected non-HTTP/2 connection.\r\n"}}
[debug] [2025-07-16T06:34:59.524Z] Jul 16, 2025 12:04:59 PM io.gapi.emulators.netty.HttpVersionRoutingHandler channelRead
INFO: Detected non-HTTP/2 connection.
 {"metadata":{"emulator":{"name":"firestore"},"message":"Jul 16, 2025 12:04:59 PM io.gapi.emulators.netty.HttpVersionRoutingHandler channelRead\r\nINFO: Detected non-HTTP/2 connection.\r\n"}}
[debug] [2025-07-16T06:34:59.537Z] Jul 16, 2025 12:04:59 PM com.google.cloud.datastore.emulator.firestore.webchannel.FirestoreV1WebChannelAdapter$FirestoreListenHandler onClose
INFO: channel closed
 {"metadata":{"emulator":{"name":"firestore"},"message":"Jul 16, 2025 12:04:59 PM com.google.cloud.datastore.emulator.firestore.webchannel.FirestoreV1WebChannelAdapter$FirestoreListenHandler onClose\r\nINFO: channel closed\r\n"}}
[info] i  To verify the phone number +916304686708, use the code 726826. {"metadata":{"emulator":{"name":"auth"},"message":"To verify the phone number +916304686708, use the code 726826."}}
[debug] [2025-07-16T06:40:00.201Z] Jul 16, 2025 12:10:00 PM io.gapi.emulators.netty.HttpVersionRoutingHandler channelRead
INFO: Detected non-HTTP/2 connection.
 {"metadata":{"emulator":{"name":"firestore"},"message":"Jul 16, 2025 12:10:00 PM io.gapi.emulators.netty.HttpVersionRoutingHandler channelRead\r\nINFO: Detected non-HTTP/2 connection.\r\n"}}
[debug] [2025-07-16T06:40:00.410Z] Jul 16, 2025 12:10:00 PM io.gapi.emulators.netty.HttpVersionRoutingHandler channelRead
INFO: Detected non-HTTP/2 connection.
 {"metadata":{"emulator":{"name":"firestore"},"message":"Jul 16, 2025 12:10:00 PM io.gapi.emulators.netty.HttpVersionRoutingHandler channelRead\r\nINFO: Detected non-HTTP/2 connection.\r\n"}}
[debug] [2025-07-16T06:42:14.411Z] Jul 16, 2025 12:12:14 PM io.gapi.emulators.netty.HttpVersionRoutingHandler channelRead
INFO: Detected non-HTTP/2 connection.
 {"metadata":{"emulator":{"name":"firestore"},"message":"Jul 16, 2025 12:12:14 PM io.gapi.emulators.netty.HttpVersionRoutingHandler channelRead\r\nINFO: Detected non-HTTP/2 connection.\r\n"}}
[debug] [2025-07-16T06:42:14.412Z] Jul 16, 2025 12:12:14 PM io.gapi.emulators.netty.HttpVersionRoutingHandler channelRead
INFO: Detected non-HTTP/2 connection.
 {"metadata":{"emulator":{"name":"firestore"},"message":"Jul 16, 2025 12:12:14 PM io.gapi.emulators.netty.HttpVersionRoutingHandler channelRead\r\nINFO: Detected non-HTTP/2 connection.\r\n"}}
[debug] [2025-07-16T06:42:16.518Z] Jul 16, 2025 12:12:16 PM io.gapi.emulators.netty.HttpVersionRoutingHandler channelRead
INFO: Detected non-HTTP/2 connection.
 {"metadata":{"emulator":{"name":"firestore"},"message":"Jul 16, 2025 12:12:16 PM io.gapi.emulators.netty.HttpVersionRoutingHandler channelRead\r\nINFO: Detected non-HTTP/2 connection.\r\n"}}
[info] i  To verify the phone number +916304686708, use the code 978603. {"metadata":{"emulator":{"name":"auth"},"message":"To verify the phone number +916304686708, use the code 978603."}}
[debug] [2025-07-16T06:44:16.118Z] Jul 16, 2025 12:14:16 PM io.gapi.emulators.netty.HttpVersionRoutingHandler channelRead
INFO: Detected non-HTTP/2 connection.
 {"metadata":{"emulator":{"name":"firestore"},"message":"Jul 16, 2025 12:14:16 PM io.gapi.emulators.netty.HttpVersionRoutingHandler channelRead\r\nINFO: Detected non-HTTP/2 connection.\r\n"}}
[debug] [2025-07-16T06:44:16.367Z] Jul 16, 2025 12:14:16 PM io.gapi.emulators.netty.HttpVersionRoutingHandler channelRead
INFO: Detected non-HTTP/2 connection.
 {"metadata":{"emulator":{"name":"firestore"},"message":"Jul 16, 2025 12:14:16 PM io.gapi.emulators.netty.HttpVersionRoutingHandler channelRead\r\nINFO: Detected non-HTTP/2 connection.\r\n"}}
[debug] [2025-07-16T06:50:33.270Z] Jul 16, 2025 12:20:33 PM io.gapi.emulators.netty.HttpVersionRoutingHandler channelRead
INFO: Detected non-HTTP/2 connection.
 {"metadata":{"emulator":{"name":"firestore"},"message":"Jul 16, 2025 12:20:33 PM io.gapi.emulators.netty.HttpVersionRoutingHandler channelRead\r\nINFO: Detected non-HTTP/2 connection.\r\n"}}
[debug] [2025-07-16T06:50:33.271Z] Jul 16, 2025 12:20:33 PM io.gapi.emulators.netty.HttpVersionRoutingHandler channelRead
INFO: Detected non-HTTP/2 connection.
 {"metadata":{"emulator":{"name":"firestore"},"message":"Jul 16, 2025 12:20:33 PM io.gapi.emulators.netty.HttpVersionRoutingHandler channelRead\r\nINFO: Detected non-HTTP/2 connection.\r\n"}}
[info] i  To verify the phone number +916304686708, use the code 191428. {"metadata":{"emulator":{"name":"auth"},"message":"To verify the phone number +916304686708, use the code 191428."}}
[debug] [2025-07-16T06:51:08.161Z] Jul 16, 2025 12:21:08 PM io.gapi.emulators.netty.HttpVersionRoutingHandler channelRead
INFO: Detected non-HTTP/2 connection.
 {"metadata":{"emulator":{"name":"firestore"},"message":"Jul 16, 2025 12:21:08 PM io.gapi.emulators.netty.HttpVersionRoutingHandler channelRead\r\nINFO: Detected non-HTTP/2 connection.\r\n"}}
[debug] [2025-07-16T06:51:08.177Z] Jul 16, 2025 12:21:08 PM com.google.cloud.datastore.emulator.firestore.webchannel.FirestoreV1WebChannelAdapter$FirestoreListenHandler onClose
INFO: channel closed
 {"metadata":{"emulator":{"name":"firestore"},"message":"Jul 16, 2025 12:21:08 PM com.google.cloud.datastore.emulator.firestore.webchannel.FirestoreV1WebChannelAdapter$FirestoreListenHandler onClose\r\nINFO: channel closed\r\n"}}
[debug] [2025-07-16T06:51:08.472Z] Jul 16, 2025 12:21:08 PM io.gapi.emulators.netty.HttpVersionRoutingHandler channelRead
INFO: Detected non-HTTP/2 connection.
 {"metadata":{"emulator":{"name":"firestore"},"message":"Jul 16, 2025 12:21:08 PM io.gapi.emulators.netty.HttpVersionRoutingHandler channelRead\r\nINFO: Detected non-HTTP/2 connection.\r\n"}}
[debug] [2025-07-16T06:51:08.592Z] Jul 16, 2025 12:21:08 PM io.gapi.emulators.netty.HttpVersionRoutingHandler channelRead
INFO: Detected non-HTTP/2 connection.
 {"metadata":{"emulator":{"name":"firestore"},"message":"Jul 16, 2025 12:21:08 PM io.gapi.emulators.netty.HttpVersionRoutingHandler channelRead\r\nINFO: Detected non-HTTP/2 connection.\r\n"}}
[debug] [2025-07-16T06:59:06.425Z] Jul 16, 2025 12:29:06 PM io.gapi.emulators.netty.HttpVersionRoutingHandler channelRead
INFO: Detected non-HTTP/2 connection.
 {"metadata":{"emulator":{"name":"firestore"},"message":"Jul 16, 2025 12:29:06 PM io.gapi.emulators.netty.HttpVersionRoutingHandler channelRead\r\nINFO: Detected non-HTTP/2 connection.\r\n"}}
[debug] [2025-07-16T06:59:06.437Z] Jul 16, 2025 12:29:06 PM io.gapi.emulators.netty.HttpVersionRoutingHandler channelRead
INFO: Detected non-HTTP/2 connection.
 {"metadata":{"emulator":{"name":"firestore"},"message":"Jul 16, 2025 12:29:06 PM io.gapi.emulators.netty.HttpVersionRoutingHandler channelRead\r\nINFO: Detected non-HTTP/2 connection.\r\n"}}
[debug] [2025-07-16T06:59:06.438Z] Jul 16, 2025 12:29:06 PM io.gapi.emulators.netty.HttpVersionRoutingHandler channelRead
INFO: Detected non-HTTP/2 connection.
 {"metadata":{"emulator":{"name":"firestore"},"message":"Jul 16, 2025 12:29:06 PM io.gapi.emulators.netty.HttpVersionRoutingHandler channelRead\r\nINFO: Detected non-HTTP/2 connection.\r\n"}}
[debug] [2025-07-16T06:59:06.455Z] Jul 16, 2025 12:29:06 PM com.google.cloud.datastore.emulator.firestore.webchannel.FirestoreV1WebChannelAdapter$FirestoreListenHandler onClose
INFO: channel closed
 {"metadata":{"emulator":{"name":"firestore"},"message":"Jul 16, 2025 12:29:06 PM com.google.cloud.datastore.emulator.firestore.webchannel.FirestoreV1WebChannelAdapter$FirestoreListenHandler onClose\r\nINFO: channel closed\r\n"}}
